<?xml version="1.0" encoding="UTF-8"?>
<!-- Generated by org.testng.reporters.JUnitXMLReporter -->
<testsuite ignored="8" hostname="DESKTOP-URDLST5" failures="0" tests="1" name="Default test(failed)" time="30.236" errors="0" timestamp="2022-10-22T15:15:51 IST">
  <testcase classname="TestCases.YourInfoPageTest" name="verifyAllItemTextTest" time="7.396"/>
  <testcase classname="TestCases.YourInfoPageTest" name="crossBtnTest" time="0.0">
    <ignored/>
  </testcase> <!-- crossBtnTest -->
  <testcase classname="TestCases.YourInfoPageTest" name="verifyUserInfoTest" time="0.0">
    <ignored/>
  </testcase> <!-- verifyUserInfoTest -->
  <testcase classname="TestCases.YourInfoPageTest" name="verifyAboutTextTest" time="0.0">
    <ignored/>
  </testcase> <!-- verifyAboutTextTest -->
  <testcase classname="TestCases.YourInfoPageTest" name="menuBtnTest" time="0.0">
    <ignored/>
  </testcase> <!-- menuBtnTest -->
  <testcase classname="TestCases.YourInfoPageTest" name="continueBtnTest" time="0.0">
    <ignored/>
  </testcase> <!-- continueBtnTest -->
  <testcase classname="TestCases.YourInfoPageTest" name="cancelbtnTest" time="0.0">
    <ignored/>
  </testcase> <!-- cancelbtnTest -->
  <testcase classname="TestCases.YourInfoPageTest" name="checkoutLabelTest" time="0.0">
    <ignored/>
  </testcase> <!-- checkoutLabelTest -->
  <testcase classname="TestCases.YourInfoPageTest" name="verifyLogoutTextTest" time="0.0">
    <ignored/>
  </testcase> <!-- verifyLogoutTextTest -->
</testsuite> <!-- Default test(failed) -->
