<?xml version="1.0" encoding="UTF-8"?>
<!-- Generated by org.testng.reporters.JUnitXMLReporter -->
<testsuite ignored="27" hostname="DESKTOP-URDLST5" failures="0" tests="2" name="Test(failed)(failed)" time="27.898" errors="0" timestamp="2022-10-22T01:31:35 IST">
  <testcase classname="TestCases.YourInfoPageTest" name="crossBtnTest" time="2.147"/>
  <testcase classname="TestCases.CompletePageTest" name="verifyAllItemDisplayTest" time="2.122"/>
  <testcase classname="TestCases.CompletePageTest" name="verifyCheckoutTextTest" time="0.0">
    <ignored/>
  </testcase> <!-- verifyCheckoutTextTest -->
  <testcase classname="TestCases.CompletePageTest" name="verifyAppLogoTest" time="0.0">
    <ignored/>
  </testcase> <!-- verifyAppLogoTest -->
  <testcase classname="TestCases.CompletePageTest" name="verifyCrossIconDisplayTest" time="0.0">
    <ignored/>
  </testcase> <!-- verifyCrossIconDisplayTest -->
  <testcase classname="TestCases.CompletePageTest" name="verifyBackHomeBtnTest" time="0.0">
    <ignored/>
  </testcase> <!-- verifyBackHomeBtnTest -->
  <testcase classname="TestCases.YourInfoPageTest" name="cancelbtnTest" time="0.0">
    <ignored/>
  </testcase> <!-- cancelbtnTest -->
  <testcase classname="TestCases.CompletePageTest" name="verifyDispatchTextTest" time="0.0">
    <ignored/>
  </testcase> <!-- verifyDispatchTextTest -->
  <testcase classname="TestCases.YourInfoPageTest" name="verifyAllItemTextTest" time="0.0">
    <ignored/>
  </testcase> <!-- verifyAllItemTextTest -->
  <testcase classname="TestCases.CompletePageTest" name="verifyAllItemTextTest" time="0.0">
    <ignored/>
  </testcase> <!-- verifyAllItemTextTest -->
  <testcase classname="TestCases.CompletePageTest" name="verifyCrossIconTest" time="0.0">
    <ignored/>
  </testcase> <!-- verifyCrossIconTest -->
  <testcase classname="TestCases.YourInfoPageTest" name="verifyUserInfoTest" time="0.0">
    <ignored/>
  </testcase> <!-- verifyUserInfoTest -->
  <testcase classname="TestCases.YourInfoPageTest" name="verifyAboutTextTest" time="0.0">
    <ignored/>
  </testcase> <!-- verifyAboutTextTest -->
  <testcase classname="TestCases.YourInfoPageTest" name="verifyResetTextTest" time="0.0">
    <ignored/>
  </testcase> <!-- verifyResetTextTest -->
  <testcase classname="TestCases.CompletePageTest" name="verifyMenuBtnTest" time="0.0">
    <ignored/>
  </testcase> <!-- verifyMenuBtnTest -->
  <testcase classname="TestCases.CompletePageTest" name="verifyLogoutTextTest" time="0.0">
    <ignored/>
  </testcase> <!-- verifyLogoutTextTest -->
  <testcase classname="TestCases.YourInfoPageTest" name="menuBtnTest" time="0.0">
    <ignored/>
  </testcase> <!-- menuBtnTest -->
  <testcase classname="TestCases.YourInfoPageTest" name="verifyLogoutTextTest" time="0.0">
    <ignored/>
  </testcase> <!-- verifyLogoutTextTest -->
  <testcase classname="TestCases.CompletePageTest" name="verifyBackHomeEnableTest" time="0.0">
    <ignored/>
  </testcase> <!-- verifyBackHomeEnableTest -->
  <testcase classname="TestCases.CompletePageTest" name="verifyResetAppTextTest" time="0.0">
    <ignored/>
  </testcase> <!-- verifyResetAppTextTest -->
  <testcase classname="TestCases.CompletePageTest" name="verifyAboutDisplayTest" time="0.0">
    <ignored/>
  </testcase> <!-- verifyAboutDisplayTest -->
  <testcase classname="TestCases.CompletePageTest" name="verifyMenuBtnEnableTest" time="0.0">
    <ignored/>
  </testcase> <!-- verifyMenuBtnEnableTest -->
  <testcase classname="TestCases.YourInfoPageTest" name="continueBtnTest" time="0.0">
    <ignored/>
  </testcase> <!-- continueBtnTest -->
  <testcase classname="TestCases.CompletePageTest" name="verifyAboutTextTest" time="0.0">
    <ignored/>
  </testcase> <!-- verifyAboutTextTest -->
  <testcase classname="TestCases.CompletePageTest" name="verifyResetAppDisplayTest" time="0.0">
    <ignored/>
  </testcase> <!-- verifyResetAppDisplayTest -->
  <testcase classname="TestCases.CompletePageTest" name="verifyPonyLogoTest" time="0.0">
    <ignored/>
  </testcase> <!-- verifyPonyLogoTest -->
  <testcase classname="TestCases.CompletePageTest" name="verifyLogoutDisplayTest" time="0.0">
    <ignored/>
  </testcase> <!-- verifyLogoutDisplayTest -->
  <testcase classname="TestCases.CompletePageTest" name="verifyThankYouTextTest" time="0.0">
    <ignored/>
  </testcase> <!-- verifyThankYouTextTest -->
  <testcase classname="TestCases.YourInfoPageTest" name="checkoutLabelTest" time="0.0">
    <ignored/>
  </testcase> <!-- checkoutLabelTest -->
</testsuite> <!-- Test(failed)(failed) -->
