<?xml version="1.0" encoding="UTF-8"?>
<!-- Generated by org.testng.reporters.JUnitXMLReporter -->
<testsuite ignored="3" hostname="DESKTOP-URDLST5" failures="0" tests="3" name="Test" time="54.182" errors="0" timestamp="2022-10-31T17:56:37 IST">
  <testcase classname="TestCases.GroupTest" name="loginToApp1Test" time="3.508"/>
  <testcase classname="TestCases.GroupTest" name="verifyBotLogoTest" time="0.363"/>
  <testcase classname="TestCases.GroupTest" name="verifyUrlTest" time="0.018"/>
  <testcase classname="TestCases.GroupTest" name="loginToApp2Test" time="0.0">
    <ignored/>
  </testcase> <!-- loginToApp2Test -->
  <testcase classname="TestCases.GroupTest" name="verifyTitleTest" time="0.0">
    <ignored/>
  </testcase> <!-- verifyTitleTest -->
  <testcase classname="TestCases.GroupTest" name="verifyLoginLogoTest" time="0.0">
    <ignored/>
  </testcase> <!-- verifyLoginLogoTest -->
</testsuite> <!-- Test -->
